# JRE version: OpenJDK Runtime Environment (8.0_242) (build 1.8.0_242-release-1644-b3-6222593)
# Java VM: OpenJDK 64-Bit Server VM (25.242-b3-6222593 mixed mode linux-amd64 compressed oops)
Heap:
 PSYoungGen      total 631296K, used 616080K [0x00000000d5580000, 0x0000000100000000, 0x0000000100000000)
  eden space 568832K, 100% used [0x00000000d5580000,0x00000000f8100000,0x00000000f8100000)
  from space 62464K, 75% used [0x00000000fc300000,0x00000000ff124138,0x0000000100000000)
  to   space 65024K, 30% used [0x00000000f8100000,0x00000000f9466cc8,0x00000000fc080000)
 ParOldGen       total 144896K, used 132524K [0x0000000080000000, 0x0000000088d80000, 0x00000000d5580000)
  object space 144896K, 91% used [0x0000000080000000,0x000000008816b278,0x0000000088d80000)
 Metaspace       used 119351K, capacity 128504K, committed 128576K, reserved 1161216K
  class space    used 15158K, capacity 16738K, committed 16768K, reserved 1048576K
GC Heap History (10 events):
Event: 12440,784 GC heap after
Heap after GC invocations=36 (full 4):
 PSYoungGen      total 640512K, used 41797K [0x00000000d5580000, 0x0000000100000000, 0x0000000100000000)
  eden space 588288K, 0% used [0x00000000d5580000,0x00000000d5580000,0x00000000f9400000)
  from space 52224K, 80% used [0x00000000fcd00000,0x00000000ff5d16d8,0x0000000100000000)
  to   space 55296K, 0% used [0x00000000f9400000,0x00000000f9400000,0x00000000fca00000)
 ParOldGen       total 144896K, used 119647K [0x0000000080000000, 0x0000000088d80000, 0x00000000d5580000)
  object space 144896K, 82% used [0x0000000080000000,0x00000000874d7ea8,0x0000000088d80000)
 Metaspace       used 118671K, capacity 127832K, committed 128064K, reserved 1161216K
  class space    used 15105K, capacity 16686K, committed 16768K, reserved 1048576K
}
Event: 12446,241 GC heap before
{Heap before GC invocations=37 (full 4):
 PSYoungGen      total 640512K, used 630085K [0x00000000d5580000, 0x0000000100000000, 0x0000000100000000)
  eden space 588288K, 100% used [0x00000000d5580000,0x00000000f9400000,0x00000000f9400000)
  from space 52224K, 80% used [0x00000000fcd00000,0x00000000ff5d16d8,0x0000000100000000)
  to   space 55296K, 0% used [0x00000000f9400000,0x00000000f9400000,0x00000000fca00000)
 ParOldGen       total 144896K, used 119647K [0x0000000080000000, 0x0000000088d80000, 0x00000000d5580000)
  object space 144896K, 82% used [0x0000000080000000,0x00000000874d7ea8,0x0000000088d80000)
 Metaspace       used 118729K, capacity 127902K, committed 128064K, reserved 1161216K
  class space    used 15109K, capacity 16687K, committed 16768K, reserved 1048576K
Event: 12446,563 GC heap after
Heap after GC invocations=37 (full 4):
 PSYoungGen      total 636416K, used 48043K [0x00000000d5580000, 0x0000000100000000, 0x0000000100000000)
  eden space 588288K, 0% used [0x00000000d5580000,0x00000000d5580000,0x00000000f9400000)
  from space 48128K, 99% used [0x00000000f9400000,0x00000000fc2eaeb8,0x00000000fc300000)
  to   space 59904K, 0% used [0x00000000fc580000,0x00000000fc580000,0x0000000100000000)
 ParOldGen       total 144896K, used 119687K [0x0000000080000000, 0x0000000088d80000, 0x00000000d5580000)
  object space 144896K, 82% used [0x0000000080000000,0x00000000874e1ea8,0x0000000088d80000)
 Metaspace       used 118729K, capacity 127902K, committed 128064K, reserved 1161216K
  class space    used 15109K, capacity 16687K, committed 16768K, reserved 1048576K
}
Event: 12453,982 GC heap before
{Heap before GC invocations=38 (full 4):
 PSYoungGen      total 636416K, used 636331K [0x00000000d5580000, 0x0000000100000000, 0x0000000100000000)
  eden space 588288K, 100% used [0x00000000d5580000,0x00000000f9400000,0x00000000f9400000)
  from space 48128K, 99% used [0x00000000f9400000,0x00000000fc2eaeb8,0x00000000fc300000)
  to   space 59904K, 0% used [0x00000000fc580000,0x00000000fc580000,0x0000000100000000)
 ParOldGen       total 144896K, used 119687K [0x0000000080000000, 0x0000000088d80000, 0x00000000d5580000)
  object space 144896K, 82% used [0x0000000080000000,0x00000000874e1ea8,0x0000000088d80000)
 Metaspace       used 118753K, capacity 127908K, committed 128064K, reserved 1161216K
  class space    used 15109K, capacity 16688K, committed 16768K, reserved 1048576K
Event: 12454,171 GC heap after
Heap after GC invocations=38 (full 4):
 PSYoungGen      total 631808K, used 47317K [0x00000000d5580000, 0x0000000100000000, 0x0000000100000000)
  eden space 571904K, 0% used [0x00000000d5580000,0x00000000d5580000,0x00000000f8400000)
  from space 59904K, 78% used [0x00000000fc580000,0x00000000ff3b5410,0x0000000100000000)
  to   space 63488K, 0% used [0x00000000f8400000,0x00000000f8400000,0x00000000fc200000)
 ParOldGen       total 144896K, used 119759K [0x0000000080000000, 0x0000000088d80000, 0x00000000d5580000)
  object space 144896K, 82% used [0x0000000080000000,0x00000000874f3ea8,0x0000000088d80000)
 Metaspace       used 118753K, capacity 127908K, committed 128064K, reserved 1161216K
  class space    used 15109K, capacity 16688K, committed 16768K, reserved 1048576K
}
Event: 12462,659 GC heap before
{Heap before GC invocations=39 (full 4):
 PSYoungGen      total 631808K, used 619221K [0x00000000d5580000, 0x0000000100000000, 0x0000000100000000)
  eden space 571904K, 100% used [0x00000000d5580000,0x00000000f8400000,0x00000000f8400000)
  from space 59904K, 78% used [0x00000000fc580000,0x00000000ff3b5410,0x0000000100000000)
  to   space 63488K, 0% used [0x00000000f8400000,0x00000000f8400000,0x00000000fc200000)
 ParOldGen       total 144896K, used 119759K [0x0000000080000000, 0x0000000088d80000, 0x00000000d5580000)
  object space 144896K, 82% used [0x0000000080000000,0x00000000874f3ea8,0x0000000088d80000)
 Metaspace       used 118811K, capacity 127974K, committed 128064K, reserved 1161216K
  class space    used 15110K, capacity 16689K, committed 16768K, reserved 1048576K
Event: 12462,785 GC heap after
Heap after GC invocations=39 (full 4):
 PSYoungGen      total 635392K, used 38563K [0x00000000d5580000, 0x0000000100000000, 0x0000000100000000)
  eden space 571904K, 0% used [0x00000000d5580000,0x00000000d5580000,0x00000000f8400000)
  from space 63488K, 60% used [0x00000000f8400000,0x00000000fa9a8d60,0x00000000fc200000)
  to   space 62464K, 0% used [0x00000000fc300000,0x00000000fc300000,0x0000000100000000)
 ParOldGen       total 144896K, used 119799K [0x0000000080000000, 0x0000000088d80000, 0x00000000d5580000)
  object space 144896K, 82% used [0x0000000080000000,0x00000000874fdea8,0x0000000088d80000)
 Metaspace       used 118811K, capacity 127974K, committed 128064K, reserved 1161216K
  class space    used 15110K, capacity 16689K, committed 16768K, reserved 1048576K
}
Event: 12467,921 GC heap before
{Heap before GC invocations=40 (full 4):
 PSYoungGen      total 635392K, used 610288K [0x00000000d5580000, 0x0000000100000000, 0x0000000100000000)
  eden space 571904K, 99% used [0x00000000d5580000,0x00000000f83d3578,0x00000000f8400000)
  from space 63488K, 60% used [0x00000000f8400000,0x00000000fa9a8d60,0x00000000fc200000)
  to   space 62464K, 0% used [0x00000000fc300000,0x00000000fc300000,0x0000000100000000)
 ParOldGen       total 144896K, used 119799K [0x0000000080000000, 0x0000000088d80000, 0x00000000d5580000)
  object space 144896K, 82% used [0x0000000080000000,0x00000000874fdea8,0x0000000088d80000)
 Metaspace       used 118863K, capacity 127988K, committed 128320K, reserved 1161216K
  class space    used 15112K, capacity 16690K, committed 16768K, reserved 1048576K
Event: 12468,098 GC heap after
Heap after GC invocations=40 (full 4):
 PSYoungGen      total 631296K, used 47248K [0x00000000d5580000, 0x0000000100000000, 0x0000000100000000)
  eden space 568832K, 0% used [0x00000000d5580000,0x00000000d5580000,0x00000000f8100000)
  from space 62464K, 75% used [0x00000000fc300000,0x00000000ff124138,0x0000000100000000)
  to   space 65024K, 0% used [0x00000000f8100000,0x00000000f8100000,0x00000000fc080000)
 ParOldGen       total 144896K, used 120231K [0x0000000080000000, 0x0000000088d80000, 0x00000000d5580000)
  object space 144896K, 82% used [0x0000000080000000,0x0000000087569eb8,0x0000000088d80000)
 Metaspace       used 118863K, capacity 127988K, committed 128320K, reserved 1161216K
  class space    used 15112K, capacity 16690K, committed 16768K, reserved 1048576K
}
Event: 14573,127 GC heap before
{Heap before GC invocations=41 (full 4):
 PSYoungGen      total 631296K, used 616080K [0x00000000d5580000, 0x0000000100000000, 0x0000000100000000)
  eden space 568832K, 100% used [0x00000000d5580000,0x00000000f8100000,0x00000000f8100000)
  from space 62464K, 75% used [0x00000000fc300000,0x00000000ff124138,0x0000000100000000)
  to   space 65024K, 0% used [0x00000000f8100000,0x00000000f8100000,0x00000000fc080000)
 ParOldGen       total 144896K, used 120231K [0x0000000080000000, 0x0000000088d80000, 0x00000000d5580000)
  object space 144896K, 82% used [0x0000000080000000,0x0000000087569eb8,0x0000000088d80000)
 Metaspace       used 119351K, capacity 128504K, committed 128576K, reserved 1161216K
  class space    used 15158K, capacity 16738K, committed 16768K, reserved 1048576K

