# JRE version: OpenJDK Runtime Environment (8.0_242) (build 1.8.0_242-release-1644-b3-6222593)
# Java VM: OpenJDK 64-Bit Server VM (25.242-b3-6222593 mixed mode linux-amd64 compressed oops)
Heap:
 PSYoungGen      total 603136K, used 93697K [0x00000000d5580000, 0x00000000ffe00000, 0x0000000100000000)
  eden space 574464K, 14% used [0x00000000d5580000,0x00000000da9522d8,0x00000000f8680000)
  from space 28672K, 27% used [0x00000000f8680000,0x00000000f8e2e3c8,0x00000000fa280000)
  to   space 27136K, 0% used [0x00000000fe380000,0x00000000fe380000,0x00000000ffe00000)
 ParOldGen       total 84992K, used 49395K [0x0000000080000000, 0x0000000085300000, 0x00000000d5580000)
  object space 84992K, 58% used [0x0000000080000000,0x000000008303cf20,0x0000000085300000)
 Metaspace       used 94771K, capacity 100892K, committed 101016K, reserved 1136640K
  class space    used 12333K, capacity 13398K, committed 13488K, reserved 1048576K
GC Heap History (10 events):
Event: 162,725 GC heap before
{Heap before GC invocations=17 (full 3):
 PSYoungGen      total 311808K, used 311805K [0x00000000d5580000, 0x00000000f2680000, 0x0000000100000000)
  eden space 289792K, 100% used [0x00000000d5580000,0x00000000e7080000,0x00000000e7080000)
  from space 22016K, 99% used [0x00000000e7080000,0x00000000e85ff708,0x00000000e8600000)
  to   space 26624K, 0% used [0x00000000f0c80000,0x00000000f0c80000,0x00000000f2680000)
 ParOldGen       total 65536K, used 39198K [0x0000000080000000, 0x0000000084000000, 0x00000000d5580000)
  object space 65536K, 59% used [0x0000000080000000,0x0000000082647880,0x0000000084000000)
 Metaspace       used 89511K, capacity 93642K, committed 93976K, reserved 1130496K
  class space    used 11955K, capacity 12743K, committed 12848K, reserved 1048576K
Event: 163,077 GC heap after
Heap after GC invocations=17 (full 3):
 PSYoungGen      total 437248K, used 22936K [0x00000000d5580000, 0x00000000f2380000, 0x0000000100000000)
  eden space 413696K, 0% used [0x00000000d5580000,0x00000000d5580000,0x00000000ee980000)
  from space 23552K, 97% used [0x00000000f0c80000,0x00000000f22e6298,0x00000000f2380000)
  to   space 29696K, 0% used [0x00000000ee980000,0x00000000ee980000,0x00000000f0680000)
 ParOldGen       total 65536K, used 51072K [0x0000000080000000, 0x0000000084000000, 0x00000000d5580000)
  object space 65536K, 77% used [0x0000000080000000,0x00000000831e02d8,0x0000000084000000)
 Metaspace       used 89511K, capacity 93642K, committed 93976K, reserved 1130496K
  class space    used 11955K, capacity 12743K, committed 12848K, reserved 1048576K
}
Event: 1201,137 GC heap before
{Heap before GC invocations=18 (full 3):
 PSYoungGen      total 437248K, used 436632K [0x00000000d5580000, 0x00000000f2380000, 0x0000000100000000)
  eden space 413696K, 100% used [0x00000000d5580000,0x00000000ee980000,0x00000000ee980000)
  from space 23552K, 97% used [0x00000000f0c80000,0x00000000f22e6298,0x00000000f2380000)
  to   space 29696K, 0% used [0x00000000ee980000,0x00000000ee980000,0x00000000f0680000)
 ParOldGen       total 65536K, used 51072K [0x0000000080000000, 0x0000000084000000, 0x00000000d5580000)
  object space 65536K, 77% used [0x0000000080000000,0x00000000831e02d8,0x0000000084000000)
 Metaspace       used 91260K, capacity 95770K, committed 96024K, reserved 1132544K
  class space    used 12020K, capacity 12835K, committed 12848K, reserved 1048576K
Event: 1201,299 GC heap after
Heap after GC invocations=18 (full 3):
 PSYoungGen      total 443392K, used 5520K [0x00000000d5580000, 0x00000000fc000000, 0x0000000100000000)
  eden space 413696K, 0% used [0x00000000d5580000,0x00000000d5580000,0x00000000ee980000)
  from space 29696K, 18% used [0x00000000ee980000,0x00000000eeee4040,0x00000000f0680000)
  to   space 29184K, 0% used [0x00000000fa380000,0x00000000fa380000,0x00000000fc000000)
 ParOldGen       total 65536K, used 58711K [0x0000000080000000, 0x0000000084000000, 0x00000000d5580000)
  object space 65536K, 89% used [0x0000000080000000,0x0000000083955f40,0x0000000084000000)
 Metaspace       used 91260K, capacity 95770K, committed 96024K, reserved 1132544K
  class space    used 12020K, capacity 12835K, committed 12848K, reserved 1048576K
}
Event: 1201,299 GC heap before
{Heap before GC invocations=19 (full 4):
 PSYoungGen      total 443392K, used 5520K [0x00000000d5580000, 0x00000000fc000000, 0x0000000100000000)
  eden space 413696K, 0% used [0x00000000d5580000,0x00000000d5580000,0x00000000ee980000)
  from space 29696K, 18% used [0x00000000ee980000,0x00000000eeee4040,0x00000000f0680000)
  to   space 29184K, 0% used [0x00000000fa380000,0x00000000fa380000,0x00000000fc000000)
 ParOldGen       total 65536K, used 58711K [0x0000000080000000, 0x0000000084000000, 0x00000000d5580000)
  object space 65536K, 89% used [0x0000000080000000,0x0000000083955f40,0x0000000084000000)
 Metaspace       used 91260K, capacity 95770K, committed 96024K, reserved 1132544K
  class space    used 12020K, capacity 12835K, committed 12848K, reserved 1048576K
Event: 1201,863 GC heap after
Heap after GC invocations=19 (full 4):
 PSYoungGen      total 443392K, used 0K [0x00000000d5580000, 0x00000000fc000000, 0x0000000100000000)
  eden space 413696K, 0% used [0x00000000d5580000,0x00000000d5580000,0x00000000ee980000)
  from space 29696K, 0% used [0x00000000ee980000,0x00000000ee980000,0x00000000f0680000)
  to   space 29184K, 0% used [0x00000000fa380000,0x00000000fa380000,0x00000000fc000000)
 ParOldGen       total 84992K, used 48107K [0x0000000080000000, 0x0000000085300000, 0x00000000d5580000)
  object space 84992K, 56% used [0x0000000080000000,0x0000000082efad60,0x0000000085300000)
 Metaspace       used 91245K, capacity 95732K, committed 96024K, reserved 1132544K
  class space    used 12015K, capacity 12826K, committed 12848K, reserved 1048576K
}
Event: 1734,544 GC heap before
{Heap before GC invocations=20 (full 4):
 PSYoungGen      total 443392K, used 413696K [0x00000000d5580000, 0x00000000fc000000, 0x0000000100000000)
  eden space 413696K, 100% used [0x00000000d5580000,0x00000000ee980000,0x00000000ee980000)
  from space 29696K, 0% used [0x00000000ee980000,0x00000000ee980000,0x00000000f0680000)
  to   space 29184K, 0% used [0x00000000fa380000,0x00000000fa380000,0x00000000fc000000)
 ParOldGen       total 84992K, used 48107K [0x0000000080000000, 0x0000000085300000, 0x00000000d5580000)
  object space 84992K, 56% used [0x0000000080000000,0x0000000082efad60,0x0000000085300000)
 Metaspace       used 92158K, capacity 97044K, committed 97176K, reserved 1134592K
  class space    used 12075K, capacity 12934K, committed 12976K, reserved 1048576K
Event: 1734,560 GC heap after
Heap after GC invocations=20 (full 4):
 PSYoungGen      total 602112K, used 2048K [0x00000000d5580000, 0x00000000fbe80000, 0x0000000100000000)
  eden space 574464K, 0% used [0x00000000d5580000,0x00000000d5580000,0x00000000f8680000)
  from space 27648K, 7% used [0x00000000fa380000,0x00000000fa580010,0x00000000fbe80000)
  to   space 28672K, 0% used [0x00000000f8680000,0x00000000f8680000,0x00000000fa280000)
 ParOldGen       total 84992K, used 48115K [0x0000000080000000, 0x0000000085300000, 0x00000000d5580000)
  object space 84992K, 56% used [0x0000000080000000,0x0000000082efcd60,0x0000000085300000)
 Metaspace       used 92158K, capacity 97044K, committed 97176K, reserved 1134592K
  class space    used 12075K, capacity 12934K, committed 12976K, reserved 1048576K
}
Event: 5171,803 GC heap before
{Heap before GC invocations=21 (full 4):
 PSYoungGen      total 602112K, used 576512K [0x00000000d5580000, 0x00000000fbe80000, 0x0000000100000000)
  eden space 574464K, 100% used [0x00000000d5580000,0x00000000f8680000,0x00000000f8680000)
  from space 27648K, 7% used [0x00000000fa380000,0x00000000fa580010,0x00000000fbe80000)
  to   space 28672K, 0% used [0x00000000f8680000,0x00000000f8680000,0x00000000fa280000)
 ParOldGen       total 84992K, used 48115K [0x0000000080000000, 0x0000000085300000, 0x00000000d5580000)
  object space 84992K, 56% used [0x0000000080000000,0x0000000082efcd60,0x0000000085300000)
 Metaspace       used 93890K, capacity 99886K, committed 100120K, reserved 1136640K
  class space    used 12280K, capacity 13299K, committed 13360K, reserved 1048576K
Event: 5171,994 GC heap after
Heap after GC invocations=21 (full 4):
 PSYoungGen      total 603136K, used 7864K [0x00000000d5580000, 0x00000000ffe00000, 0x0000000100000000)
  eden space 574464K, 0% used [0x00000000d5580000,0x00000000d5580000,0x00000000f8680000)
  from space 28672K, 27% used [0x00000000f8680000,0x00000000f8e2e3c8,0x00000000fa280000)
  to   space 27136K, 0% used [0x00000000fe380000,0x00000000fe380000,0x00000000ffe00000)
 ParOldGen       total 84992K, used 49395K [0x0000000080000000, 0x0000000085300000, 0x00000000d5580000)
  object space 84992K, 58% used [0x0000000080000000,0x000000008303cf20,0x0000000085300000)
 Metaspace       used 93890K, capacity 99886K, committed 100120K, reserved 1136640K
  class space    used 12280K, capacity 13299K, committed 13360K, reserved 1048576K
}

